2026-06-01 03:03:45,944 [INFO] ============================================================
2026-06-01 03:03:45,945 [INFO] ELT Pipeline — Star Schema Transformation
2026-06-01 03:03:45,945 [INFO] ============================================================
2026-06-01 03:03:45,960 [INFO] 
[1/4] Building Staging Layer …
2026-06-01 03:03:45,960 [INFO]   → Staging tables
2026-06-01 03:03:46,627 [INFO]        staging.stg_users: 10,000 rows
2026-06-01 03:03:46,629 [INFO]        staging.stg_products: 2,000 rows
2026-06-01 03:03:46,630 [INFO]        staging.stg_orders: 35,000 rows
2026-06-01 03:03:46,631 [INFO]        staging.stg_order_items: 76,076 rows
2026-06-01 03:03:46,633 [INFO]        staging.stg_events: 80,000 rows
2026-06-01 03:03:46,633 [INFO] 
[2/4] Building Dimension Tables …
2026-06-01 03:03:46,633 [INFO]   → Dimension tables
2026-06-01 03:03:46,767 [INFO]        dim.DimDate: 2,557 rows
2026-06-01 03:03:46,768 [INFO]        dim.DimCustomer: 10,000 rows
2026-06-01 03:03:46,769 [INFO]        dim.DimProduct: 2,000 rows
2026-06-01 03:03:46,770 [INFO]        dim.DimDistributionCenter: 10 rows
2026-06-01 03:03:46,770 [INFO] 
[3/4] Building Fact Tables …
2026-06-01 03:03:46,771 [INFO]   → Fact tables
2026-06-01 03:03:47,475 [INFO]        fact.FactSales: 76,076 rows
2026-06-01 03:03:47,476 [INFO]        fact.FactEvents: 80,000 rows
2026-06-01 03:03:47,476 [INFO] 
[4/4] Building Data Marts …
2026-06-01 03:03:47,476 [INFO]   → Mart tables
2026-06-01 03:03:47,640 [INFO]        mart.monthly_sales: 60 rows
2026-06-01 03:03:47,642 [INFO]        mart.product_performance: 2,000 rows
2026-06-01 03:03:47,644 [INFO]        mart.customer_rfm: 8,897 rows
2026-06-01 03:03:47,646 [INFO]        mart.category_revenue: 60 rows
2026-06-01 03:03:47,647 [INFO]        mart.geo_revenue: 10 rows
2026-06-01 03:03:47,649 [INFO]        mart.cohort_retention: 1,809 rows
2026-06-01 03:03:47,649 [INFO] 
── Fact Table Sanity Checks ──
2026-06-01 03:03:47,651 [INFO]   Total Gross Revenue:   $20,906,184.02
2026-06-01 03:03:47,658 [INFO]   Total Orders:          35,000
2026-06-01 03:03:47,664 [INFO]   Unique Customers:      8,897
2026-06-01 03:03:47,665 [INFO] 
✅ ELT Pipeline complete!
