2026-06-01 03:00:12,158 [INFO] ============================================================
2026-06-01 03:00:12,158 [INFO] TheLook eCommerce — Data Ingestion Pipeline
2026-06-01 03:00:12,158 [INFO] ============================================================
2026-06-01 03:00:12,158 [INFO] Generating distribution_centers …
2026-06-01 03:00:12,166 [INFO] Generating 10000 users …
2026-06-01 03:00:18,056 [INFO] Generating 2000 products …
2026-06-01 03:00:18,070 [INFO] Generating inventory_items …
2026-06-01 03:00:23,945 [INFO] Generating 35000 orders + order_items …
2026-06-01 03:01:18,830 [INFO] Generating 80000 web events …
2026-06-01 03:01:31,695 [INFO] 
── Saving raw CSVs ──
2026-06-01 03:01:31,700 [INFO]   Saved distribution_centers.csv  → 10 rows  (0.3 KB)
2026-06-01 03:01:31,773 [INFO]   Saved users.csv  → 10,000 rows  (1379.5 KB)
2026-06-01 03:01:31,783 [INFO]   Saved products.csv  → 2,000 rows  (160.6 KB)
2026-06-01 03:01:33,187 [INFO]   Saved inventory_items.csv  → 205,881 rows  (24525.8 KB)
2026-06-01 03:01:33,375 [INFO]   Saved orders.csv  → 35,000 rows  (3005.5 KB)
2026-06-01 03:01:33,810 [INFO]   Saved order_items.csv  → 76,076 rows  (7406.1 KB)
2026-06-01 03:01:34,274 [INFO]   Saved events.csv  → 80,000 rows  (8501.6 KB)
2026-06-01 03:01:34,274 [INFO] 
── Loading into DuckDB ──
2026-06-01 03:01:34,499 [INFO] Loading raw tables into DuckDB → /home/user/ecommerce-pipeline/data/warehouse/ecommerce.duckdb
2026-06-01 03:01:34,542 [INFO]   Loaded raw.distribution_centers: 10 rows
2026-06-01 03:01:34,654 [INFO]   Loaded raw.users: 10,000 rows
2026-06-01 03:01:34,665 [INFO]   Loaded raw.products: 2,000 rows
2026-06-01 03:01:35,216 [INFO]   Loaded raw.inventory_items: 205,881 rows
2026-06-01 03:01:35,298 [INFO]   Loaded raw.orders: 35,000 rows
2026-06-01 03:01:35,433 [INFO]   Loaded raw.order_items: 76,076 rows
2026-06-01 03:01:36,048 [INFO]   Loaded raw.events: 80,000 rows
2026-06-01 03:01:36,063 [INFO] DuckDB load complete.
2026-06-01 03:01:36,063 [INFO] 
── Ingestion Summary ──
2026-06-01 03:01:36,064 [INFO]   distribution_centers          :       10 rows
2026-06-01 03:01:36,064 [INFO]   users                         :   10,000 rows
2026-06-01 03:01:36,064 [INFO]   products                      :    2,000 rows
2026-06-01 03:01:36,064 [INFO]   inventory_items               :  205,881 rows
2026-06-01 03:01:36,064 [INFO]   orders                        :   35,000 rows
2026-06-01 03:01:36,064 [INFO]   order_items                   :   76,076 rows
2026-06-01 03:01:36,064 [INFO]   events                        :   80,000 rows
2026-06-01 03:01:36,065 [INFO] 
✅ Ingestion complete!
